2018-09-01 22:19:22.238438: I tensorflow/core/platform/cpu_feature_guard.cc:137] Your CPU supports instructions that this TensorFlow binary was not compiled to use: SSE4.1 SSE4.2 AVX AVX2 FMA
2018-09-01 22:19:22.408156: I tensorflow/core/common_runtime/gpu/gpu_device.cc:1030] Found device 0 with properties: 
name: Tesla K40d major: 3 minor: 7 memoryClockRate(GHz): 0.915
pciBusID: 0000:85:00.0
totalMemory: 11.17GiB freeMemory: 11.09GiB
2018-09-01 22:19:22.408207: I tensorflow/core/common_runtime/gpu/gpu_device.cc:1120] Creating TensorFlow device (/device:GPU:0) -> (device: 0, name: Tesla K40d, pci bus id: 0000:85:00.0, compute capability: 3.7)

*****************************************************
Dataset: code-fracz-645
Num hidden: 256, Steps: 50000, Display step: 200
*****************************************************


Input size: 200x8632 Test set: 1294
Input size: 200x645 Test set: 96
1	1,0686	0,520	0,9000	0,615
200	0,7881	0,528	0,6073	0,688
400	0,7472	0,537	0,6135	0,656
600	0,7694	0,538	0,6311	0,677
800	0,8104	0,530	0,6383	0,635
1000	0,7129	0,553	0,4980	0,729
1200	0,7256	0,559	0,5430	0,698
1400	0,8977	0,512	0,6318	0,594
1600	0,7284	0,536	0,5078	0,771
1800	0,7273	0,560	0,4943	0,812
2000	0,7300	0,549	0,4961	0,781
2200	0,7495	0,530	0,4876	0,792
2400	0,7306	0,546	0,4567	0,792
2600	0,7356	0,559	0,4659	0,812
2800	0,7344	0,573	0,4766	0,812
3000	0,9022	0,511	0,6885	0,646
3200	0,8076	0,539	0,5028	0,719
3400	0,8736	0,515	0,5421	0,708
3600	0,8890	0,515	0,6037	0,667
3800	0,7417	0,554	0,4411	0,792
4000	0,7637	0,557	0,4765	0,750
4200	0,7348	0,575	0,4468	0,802
4400	0,7702	0,550	0,4380	0,802
4600	0,7529	0,566	0,4790	0,760
4800	0,7572	0,553	0,4432	0,781
5000	0,9073	0,520	0,5338	0,688
5200	0,7965	0,532	0,4718	0,771
5400	0,7948	0,563	0,5018	0,729
5600	0,7766	0,546	0,4276	0,812
5800	0,7807	0,549	0,4441	0,812
6000	0,7857	0,557	0,4617	0,812
6200	0,7898	0,556	0,4619	0,781
6400	0,8030	0,553	0,4319	0,823
6600	0,9290	0,537	0,5395	0,781
6800	0,7920	0,554	0,4067	0,844
7000	0,7737	0,565	0,4278	0,802
7200	0,8964	0,536	0,5266	0,781
7400	0,8886	0,533	0,5314	0,781
7600	0,8857	0,551	0,5318	0,771
7800	0,7881	0,560	0,4258	0,792
8000	0,8052	0,546	0,4416	0,812
8200	0,8168	0,557	0,4088	0,844
8400	0,8173	0,548	0,4400	0,812
8600	0,8251	0,556	0,4160	0,854
8800	0,8735	0,544	0,4385	0,833
9000	0,8267	0,561	0,4323	0,781
9200	0,8438	0,556	0,4306	0,792
9400	0,8413	0,548	0,4595	0,802
9600	1,0214	0,522	0,5841	0,719
9800	0,8482	0,542	0,4740	0,750
10000	1,0237	0,547	0,5738	0,708
10200	0,9731	0,522	0,5180	0,812
10400	0,8632	0,549	0,5041	0,760
10600	0,9029	0,546	0,4678	0,771
10800	0,8985	0,539	0,4323	0,844
11000	0,8691	0,549	0,4156	0,823
11200	1,3264	0,518	0,6495	0,667
11400	0,9096	0,554	0,5053	0,781
11600	0,9394	0,542	0,4967	0,812
11800	0,8979	0,563	0,3967	0,823
12000	1,0399	0,513	0,5283	0,781
12200	0,9500	0,544	0,4842	0,792
12400	0,9175	0,558	0,4390	0,781
12600	0,9117	0,557	0,4692	0,833
12800	1,0019	0,536	0,5700	0,740
13000	0,9181	0,551	0,4354	0,771
13200	0,9269	0,543	0,4964	0,812
13400	0,9417	0,533	0,4771	0,792
13600	0,9455	0,544	0,4609	0,833
13800	1,0530	0,539	0,5343	0,771
14000	0,9923	0,536	0,5420	0,760
14200	0,9846	0,549	0,4381	0,802
14400	0,9676	0,527	0,4567	0,792
14600	1,0581	0,532	0,4541	0,865
14800	1,0806	0,529	0,5049	0,833
15000	0,9784	0,550	0,4648	0,812
15200	1,0952	0,553	0,4884	0,771
15400	1,0947	0,555	0,4900	0,792
15600	0,9894	0,553	0,4293	0,823
15800	1,2673	0,524	0,6175	0,729
16000	1,0864	0,529	0,5165	0,802
16200	1,0267	0,548	0,4973	0,823
16400	1,1513	0,549	0,5114	0,823
16600	1,0614	0,563	0,4898	0,823
16800	1,3679	0,539	0,6385	0,760
17000	1,0974	0,551	0,5290	0,823
17200	1,0637	0,557	0,4580	0,812
17400	1,0899	0,553	0,6221	0,760
17600	1,0567	0,553	0,4619	0,802
17800	1,0416	0,538	0,4404	0,812
18000	1,0755	0,550	0,4967	0,792
18200	1,0767	0,533	0,5041	0,802
18400	1,0798	0,553	0,5166	0,802
18600	1,0508	0,546	0,5102	0,812
18800	1,0984	0,547	0,5005	0,854
19000	1,0959	0,543	0,5229	0,812
19200	1,1068	0,543	0,5523	0,812
19400	1,1587	0,554	0,5367	0,812
19600	1,1782	0,557	0,5919	0,760
19800	1,1465	0,544	0,5537	0,802
20000	1,1627	0,557	0,5532	0,781
20200	1,4013	0,520	0,7652	0,740
20400	1,1461	0,548	0,5798	0,823
20600	1,1826	0,524	0,5658	0,781
20800	1,2628	0,537	0,5825	0,792
21000	1,1952	0,546	0,6184	0,771
21200	1,2256	0,549	0,5646	0,792
21400	1,6139	0,538	0,7685	0,729
21600	1,3394	0,552	0,7253	0,729
21800	1,5246	0,543	0,7904	0,719
22000	1,1854	0,567	0,5666	0,781
22200	1,1654	0,560	0,5856	0,760
22400	1,2063	0,556	0,6275	0,771
22600	1,2399	0,553	0,6104	0,812
22800	1,1931	0,553	0,5526	0,792
23000	1,2277	0,546	0,6294	0,802
23200	1,3711	0,557	0,7343	0,781
23400	1,3067	0,542	0,7455	0,750
23600	1,2163	0,551	0,6513	0,760
23800	1,4208	0,528	0,6751	0,781
24000	1,3159	0,542	0,6953	0,781
24200	1,3567	0,564	0,6265	0,792
24400	1,2348	0,560	0,6510	0,792
24600	1,5603	0,544	0,7406	0,792
24800	1,4331	0,546	0,7842	0,781
25000	1,3215	0,548	0,6596	0,792
25200	1,3484	0,539	0,6898	0,812
25400	1,3474	0,556	0,7453	0,740
25600	1,3227	0,550	0,6519	0,771
25800	1,4333	0,554	0,6502	0,781
26000	1,3739	0,543	0,6503	0,781
26200	1,5668	0,546	0,8314	0,792
26400	2,0192	0,534	1,2425	0,667
26600	1,5898	0,528	0,6789	0,771
26800	2,5101	0,514	1,4715	0,625
27000	1,4379	0,553	0,6368	0,792
27200	1,8994	0,520	0,8300	0,792
27400	1,4559	0,536	0,7493	0,771
27600	1,8076	0,524	1,0201	0,719
27800	1,3673	0,568	0,7098	0,812
28000	1,3934	0,550	0,7562	0,771
28200	1,5309	0,559	0,7496	0,792
28400	1,3584	0,571	0,6933	0,792
28600	1,3330	0,563	0,6487	0,792
28800	1,3134	0,566	0,6492	0,802
29000	1,3368	0,567	0,6539	0,781
29200	1,3040	0,563	0,6447	0,771
29400	1,3344	0,553	0,6327	0,792
29600	1,4194	0,549	0,7872	0,781
29800	1,3643	0,564	0,7010	0,844
30000	1,5104	0,542	0,7472	0,740
30200	1,4003	0,546	0,6678	0,781
30400	1,3511	0,551	0,5983	0,823
30600	1,3238	0,556	0,7382	0,781
30800	1,3333	0,555	0,6777	0,781
31000	1,4105	0,563	0,7393	0,792
31200	1,4884	0,546	0,7193	0,771
31400	1,3959	0,577	0,7655	0,781
31600	1,3754	0,552	0,6699	0,802
31800	1,3693	0,561	0,7174	0,792
32000	1,5656	0,550	0,8507	0,802
32200	1,4165	0,546	0,7120	0,771
32400	1,6157	0,539	0,8483	0,750
32600	1,4885	0,555	0,6671	0,802
32800	1,4432	0,549	0,7104	0,792
33000	2,0485	0,519	1,1050	0,740
33200	1,4732	0,566	0,6605	0,802
33400	1,5367	0,561	0,7070	0,792
33600	1,8865	0,529	0,9594	0,771
33800	1,5709	0,557	0,8533	0,781
34000	1,5306	0,536	0,7442	0,812
34200	1,6706	0,538	0,9400	0,740
34400	1,4908	0,539	0,8186	0,740
34600	1,7187	0,548	0,8110	0,750
34800	1,4572	0,552	0,7422	0,781
35000	1,4885	0,549	0,8958	0,771
35200	1,5183	0,542	0,8058	0,781
35400	1,4327	0,549	0,8372	0,740
35600	1,5889	0,550	0,7238	0,792
35800	1,4781	0,563	0,7756	0,781
36000	1,4856	0,556	0,7414	0,792
36200	1,4230	0,555	0,7076	0,792
36400	1,4086	0,559	0,6293	0,823
36600	1,4711	0,556	0,9027	0,740
36800	1,5093	0,547	0,7684	0,781
37000	1,5047	0,556	0,8157	0,771
37200	1,5151	0,550	0,8219	0,750
37400	1,4581	0,556	0,8118	0,760
37600	1,6656	0,546	0,8986	0,771
37800	1,5624	0,533	0,9432	0,719
38000	1,6360	0,559	1,0359	0,708
38200	1,5463	0,547	0,7994	0,750
38400	1,4359	0,570	0,7260	0,750
38600	1,4856	0,556	0,7667	0,781
38800	1,4805	0,547	0,8314	0,760
39000	1,4390	0,566	0,7810	0,781
39200	1,5070	0,556	0,7972	0,771
39400	1,5069	0,549	0,8124	0,792
39600	1,5524	0,552	0,9672	0,750
39800	1,5379	0,561	0,8193	0,771
Now teaching with clever!
40000	1,5436	0,540	0,7471	0,760
40200	1,4402	0,590	0,7812	0,802
40400	1,4468	0,585	0,7645	0,792
40600	1,4631	0,584	0,8099	0,760
40800	1,4865	0,583	0,8579	0,750
41000	1,4840	0,583	0,7864	0,771
41200	1,5527	0,587	0,9494	0,750
41400	1,4899	0,591	0,9215	0,740
41600	1,6414	0,592	0,8613	0,802
41800	1,5680	0,587	0,9318	0,740
42000	1,5541	0,593	0,9810	0,760
42200	1,5053	0,583	0,8343	0,760
42400	1,6081	0,583	0,8921	0,771
42600	1,5466	0,594	0,9161	0,781
42800	1,5179	0,583	0,8750	0,781
43000	1,7275	0,585	1,0629	0,760
43200	1,5346	0,586	0,8891	0,771
43400	1,5255	0,580	0,8826	0,781
43600	1,5653	0,580	0,8727	0,792
43800	1,5445	0,591	0,8959	0,760
44000	2,0464	0,580	1,0500	0,781
44200	1,5338	0,590	0,9530	0,750
44400	1,5523	0,594	0,9744	0,760
44600	1,5399	0,588	0,9080	0,771
44800	1,6293	0,596	1,1363	0,750
45000	1,5896	0,583	0,9251	0,781
45200	1,5424	0,583	0,9247	0,760
45400	1,6038	0,588	0,9243	0,760
45600	1,5858	0,592	0,9549	0,760
45800	1,7073	0,590	0,9793	0,760
46000	1,5900	0,584	0,9096	0,781
46200	1,6464	0,587	0,9742	0,750
46400	1,5990	0,582	0,8941	0,802
46600	1,5793	0,587	0,9367	0,771
46800	1,5880	0,593	0,9619	0,781
47000	1,6156	0,594	0,9180	0,802
47200	1,6476	0,589	0,9121	0,781
47400	1,8337	0,590	0,9537	0,792
47600	1,7113	0,591	1,0749	0,781
47800	1,6198	0,588	0,9465	0,771
48000	1,9822	0,583	1,1715	0,771
48200	1,6065	0,586	0,9833	0,781
48400	1,6042	0,585	0,9135	0,802
48600	1,6629	0,594	0,8600	0,812
48800	1,6366	0,584	0,9494	0,781
49000	1,6305	0,591	0,9090	0,792
49200	1,6162	0,579	0,8793	0,792
49400	1,6381	0,583	1,0001	0,781
49600	1,7708	0,594	1,1160	0,771
49800	1,6330	0,590	1,0129	0,792
50000	1,7011	0,594	1,0558	0,771
2018-09-02 07:35:53.229691: W tensorflow/core/framework/op_kernel.cc:1192] Not found: ./trained/model4-doucz/code-fracz-645/50000-256; No such file or directory
/net/people/plgfracz/quality/venv/lib/python3.6/importlib/_bootstrap.py:205: RuntimeWarning: compiletime version 3.5 of module 'tensorflow.python.framework.fast_tensor_util' does not match runtime version 3.6
  return f(*args, **kwds)
Optimization Finished!
Traceback (most recent call last):
  File "/net/people/plgfracz/quality/venv/lib/python3.6/site-packages/tensorflow/python/client/session.py", line 1323, in _do_call
    return fn(*args)
  File "/net/people/plgfracz/quality/venv/lib/python3.6/site-packages/tensorflow/python/client/session.py", line 1302, in _run_fn
    status, run_metadata)
  File "/net/people/plgfracz/quality/venv/lib/python3.6/site-packages/tensorflow/python/framework/errors_impl.py", line 473, in __exit__
    c_api.TF_GetCode(self.status.status))
tensorflow.python.framework.errors_impl.NotFoundError: ./trained/model4-doucz/code-fracz-645/50000-256; No such file or directory
	 [[Node: save/SaveV2 = SaveV2[dtypes=[DT_FLOAT, DT_FLOAT, DT_FLOAT, DT_FLOAT, DT_FLOAT, DT_FLOAT, DT_FLOAT, DT_FLOAT, DT_FLOAT, DT_FLOAT, DT_FLOAT, DT_FLOAT, DT_FLOAT, DT_FLOAT, DT_FLOAT, DT_FLOAT, DT_FLOAT, DT_FLOAT, DT_FLOAT, DT_FLOAT, DT_FLOAT, DT_FLOAT, DT_FLOAT, DT_FLOAT, DT_FLOAT, DT_FLOAT, DT_FLOAT, DT_FLOAT, DT_FLOAT, DT_FLOAT, DT_FLOAT, DT_FLOAT, DT_FLOAT, DT_FLOAT, DT_FLOAT], _device="/job:localhost/replica:0/task:0/device:CPU:0"](_arg_save/Const_0_0, save/SaveV2/tensor_names, save/SaveV2/shape_and_slices, Variable/_7195, Variable/Adam/_7197, Variable/Adam_1/_7199, Variable_1/_7201, Variable_1/Adam/_7203, Variable_1/Adam_1/_7205, Variable_2/_7207, Variable_2/Adam/_7209, Variable_2/Adam_1/_7211, after/bidirectional_rnn/bw/basic_lstm_cell/bias/_7213, after/bidirectional_rnn/bw/basic_lstm_cell/bias/Adam/_7215, after/bidirectional_rnn/bw/basic_lstm_cell/bias/Adam_1/_7217, after/bidirectional_rnn/bw/basic_lstm_cell/kernel/_7219, after/bidirectional_rnn/bw/basic_lstm_cell/kernel/Adam/_7221, after/bidirectional_rnn/bw/basic_lstm_cell/kernel/Adam_1/_7223, after/bidirectional_rnn/fw/basic_lstm_cell/bias/_7225, after/bidirectional_rnn/fw/basic_lstm_cell/bias/Adam/_7227, after/bidirectional_rnn/fw/basic_lstm_cell/bias/Adam_1/_7229, after/bidirectional_rnn/fw/basic_lstm_cell/kernel/_7231, after/bidirectional_rnn/fw/basic_lstm_cell/kernel/Adam/_7233, after/bidirectional_rnn/fw/basic_lstm_cell/kernel/Adam_1/_7235, before/bidirectional_rnn/bw/basic_lstm_cell/bias/_7237, before/bidirectional_rnn/bw/basic_lstm_cell/bias/Adam/_7239, before/bidirectional_rnn/bw/basic_lstm_cell/bias/Adam_1/_7241, before/bidirectional_rnn/bw/basic_lstm_cell/kernel/_7243, before/bidirectional_rnn/bw/basic_lstm_cell/kernel/Adam/_7245, before/bidirectional_rnn/bw/basic_lstm_cell/kernel/Adam_1/_7247, before/bidirectional_rnn/fw/basic_lstm_cell/bias/_7249, before/bidirectional_rnn/fw/basic_lstm_cell/bias/Adam/_7251, before/bidirectional_rnn/fw/basic_lstm_cell/bias/Adam_1/_7253, before/bidirectional_rnn/fw/basic_lstm_cell/kernel/_7255, before/bidirectional_rnn/fw/basic_lstm_cell/kernel/Adam/_7257, before/bidirectional_rnn/fw/basic_lstm_cell/kernel/Adam_1/_7259, beta1_power/_7261, beta2_power/_7263)]]

During handling of the above exception, another exception occurred:

Traceback (most recent call last):
  File "/net/people/plgfracz/quality/venv/lib/python3.6/site-packages/tensorflow/python/training/saver.py", line 1573, in save
    {self.saver_def.filename_tensor_name: checkpoint_file})
  File "/net/people/plgfracz/quality/venv/lib/python3.6/site-packages/tensorflow/python/client/session.py", line 889, in run
    run_metadata_ptr)
  File "/net/people/plgfracz/quality/venv/lib/python3.6/site-packages/tensorflow/python/client/session.py", line 1120, in _run
    feed_dict_tensor, options, run_metadata)
  File "/net/people/plgfracz/quality/venv/lib/python3.6/site-packages/tensorflow/python/client/session.py", line 1317, in _do_run
    options, run_metadata)
  File "/net/people/plgfracz/quality/venv/lib/python3.6/site-packages/tensorflow/python/client/session.py", line 1336, in _do_call
    raise type(e)(node_def, op, message)
tensorflow.python.framework.errors_impl.NotFoundError: ./trained/model4-doucz/code-fracz-645/50000-256; No such file or directory
	 [[Node: save/SaveV2 = SaveV2[dtypes=[DT_FLOAT, DT_FLOAT, DT_FLOAT, DT_FLOAT, DT_FLOAT, DT_FLOAT, DT_FLOAT, DT_FLOAT, DT_FLOAT, DT_FLOAT, DT_FLOAT, DT_FLOAT, DT_FLOAT, DT_FLOAT, DT_FLOAT, DT_FLOAT, DT_FLOAT, DT_FLOAT, DT_FLOAT, DT_FLOAT, DT_FLOAT, DT_FLOAT, DT_FLOAT, DT_FLOAT, DT_FLOAT, DT_FLOAT, DT_FLOAT, DT_FLOAT, DT_FLOAT, DT_FLOAT, DT_FLOAT, DT_FLOAT, DT_FLOAT, DT_FLOAT, DT_FLOAT], _device="/job:localhost/replica:0/task:0/device:CPU:0"](_arg_save/Const_0_0, save/SaveV2/tensor_names, save/SaveV2/shape_and_slices, Variable/_7195, Variable/Adam/_7197, Variable/Adam_1/_7199, Variable_1/_7201, Variable_1/Adam/_7203, Variable_1/Adam_1/_7205, Variable_2/_7207, Variable_2/Adam/_7209, Variable_2/Adam_1/_7211, after/bidirectional_rnn/bw/basic_lstm_cell/bias/_7213, after/bidirectional_rnn/bw/basic_lstm_cell/bias/Adam/_7215, after/bidirectional_rnn/bw/basic_lstm_cell/bias/Adam_1/_7217, after/bidirectional_rnn/bw/basic_lstm_cell/kernel/_7219, after/bidirectional_rnn/bw/basic_lstm_cell/kernel/Adam/_7221, after/bidirectional_rnn/bw/basic_lstm_cell/kernel/Adam_1/_7223, after/bidirectional_rnn/fw/basic_lstm_cell/bias/_7225, after/bidirectional_rnn/fw/basic_lstm_cell/bias/Adam/_7227, after/bidirectional_rnn/fw/basic_lstm_cell/bias/Adam_1/_7229, after/bidirectional_rnn/fw/basic_lstm_cell/kernel/_7231, after/bidirectional_rnn/fw/basic_lstm_cell/kernel/Adam/_7233, after/bidirectional_rnn/fw/basic_lstm_cell/kernel/Adam_1/_7235, before/bidirectional_rnn/bw/basic_lstm_cell/bias/_7237, before/bidirectional_rnn/bw/basic_lstm_cell/bias/Adam/_7239, before/bidirectional_rnn/bw/basic_lstm_cell/bias/Adam_1/_7241, before/bidirectional_rnn/bw/basic_lstm_cell/kernel/_7243, before/bidirectional_rnn/bw/basic_lstm_cell/kernel/Adam/_7245, before/bidirectional_rnn/bw/basic_lstm_cell/kernel/Adam_1/_7247, before/bidirectional_rnn/fw/basic_lstm_cell/bias/_7249, before/bidirectional_rnn/fw/basic_lstm_cell/bias/Adam/_7251, before/bidirectional_rnn/fw/basic_lstm_cell/bias/Adam_1/_7253, before/bidirectional_rnn/fw/basic_lstm_cell/kernel/_7255, before/bidirectional_rnn/fw/basic_lstm_cell/kernel/Adam/_7257, before/bidirectional_rnn/fw/basic_lstm_cell/kernel/Adam_1/_7259, beta1_power/_7261, beta2_power/_7263)]]

Caused by op 'save/SaveV2', defined at:
  File "model4-doucz.py", line 152, in <module>
    saver = tf.train.Saver()
  File "/net/people/plgfracz/quality/venv/lib/python3.6/site-packages/tensorflow/python/training/saver.py", line 1218, in __init__
    self.build()
  File "/net/people/plgfracz/quality/venv/lib/python3.6/site-packages/tensorflow/python/training/saver.py", line 1227, in build
    self._build(self._filename, build_save=True, build_restore=True)
  File "/net/people/plgfracz/quality/venv/lib/python3.6/site-packages/tensorflow/python/training/saver.py", line 1263, in _build
    build_save=build_save, build_restore=build_restore)
  File "/net/people/plgfracz/quality/venv/lib/python3.6/site-packages/tensorflow/python/training/saver.py", line 748, in _build_internal
    save_tensor = self._AddSaveOps(filename_tensor, saveables)
  File "/net/people/plgfracz/quality/venv/lib/python3.6/site-packages/tensorflow/python/training/saver.py", line 296, in _AddSaveOps
    save = self.save_op(filename_tensor, saveables)
  File "/net/people/plgfracz/quality/venv/lib/python3.6/site-packages/tensorflow/python/training/saver.py", line 239, in save_op
    tensors)
  File "/net/people/plgfracz/quality/venv/lib/python3.6/site-packages/tensorflow/python/ops/gen_io_ops.py", line 1163, in save_v2
    shape_and_slices=shape_and_slices, tensors=tensors, name=name)
  File "/net/people/plgfracz/quality/venv/lib/python3.6/site-packages/tensorflow/python/framework/op_def_library.py", line 787, in _apply_op_helper
    op_def=op_def)
  File "/net/people/plgfracz/quality/venv/lib/python3.6/site-packages/tensorflow/python/framework/ops.py", line 2956, in create_op
    op_def=op_def)
  File "/net/people/plgfracz/quality/venv/lib/python3.6/site-packages/tensorflow/python/framework/ops.py", line 1470, in __init__
    self._traceback = self._graph._extract_stack()  # pylint: disable=protected-access

NotFoundError (see above for traceback): ./trained/model4-doucz/code-fracz-645/50000-256; No such file or directory
	 [[Node: save/SaveV2 = SaveV2[dtypes=[DT_FLOAT, DT_FLOAT, DT_FLOAT, DT_FLOAT, DT_FLOAT, DT_FLOAT, DT_FLOAT, DT_FLOAT, DT_FLOAT, DT_FLOAT, DT_FLOAT, DT_FLOAT, DT_FLOAT, DT_FLOAT, DT_FLOAT, DT_FLOAT, DT_FLOAT, DT_FLOAT, DT_FLOAT, DT_FLOAT, DT_FLOAT, DT_FLOAT, DT_FLOAT, DT_FLOAT, DT_FLOAT, DT_FLOAT, DT_FLOAT, DT_FLOAT, DT_FLOAT, DT_FLOAT, DT_FLOAT, DT_FLOAT, DT_FLOAT, DT_FLOAT, DT_FLOAT], _device="/job:localhost/replica:0/task:0/device:CPU:0"](_arg_save/Const_0_0, save/SaveV2/tensor_names, save/SaveV2/shape_and_slices, Variable/_7195, Variable/Adam/_7197, Variable/Adam_1/_7199, Variable_1/_7201, Variable_1/Adam/_7203, Variable_1/Adam_1/_7205, Variable_2/_7207, Variable_2/Adam/_7209, Variable_2/Adam_1/_7211, after/bidirectional_rnn/bw/basic_lstm_cell/bias/_7213, after/bidirectional_rnn/bw/basic_lstm_cell/bias/Adam/_7215, after/bidirectional_rnn/bw/basic_lstm_cell/bias/Adam_1/_7217, after/bidirectional_rnn/bw/basic_lstm_cell/kernel/_7219, after/bidirectional_rnn/bw/basic_lstm_cell/kernel/Adam/_7221, after/bidirectional_rnn/bw/basic_lstm_cell/kernel/Adam_1/_7223, after/bidirectional_rnn/fw/basic_lstm_cell/bias/_7225, after/bidirectional_rnn/fw/basic_lstm_cell/bias/Adam/_7227, after/bidirectional_rnn/fw/basic_lstm_cell/bias/Adam_1/_7229, after/bidirectional_rnn/fw/basic_lstm_cell/kernel/_7231, after/bidirectional_rnn/fw/basic_lstm_cell/kernel/Adam/_7233, after/bidirectional_rnn/fw/basic_lstm_cell/kernel/Adam_1/_7235, before/bidirectional_rnn/bw/basic_lstm_cell/bias/_7237, before/bidirectional_rnn/bw/basic_lstm_cell/bias/Adam/_7239, before/bidirectional_rnn/bw/basic_lstm_cell/bias/Adam_1/_7241, before/bidirectional_rnn/bw/basic_lstm_cell/kernel/_7243, before/bidirectional_rnn/bw/basic_lstm_cell/kernel/Adam/_7245, before/bidirectional_rnn/bw/basic_lstm_cell/kernel/Adam_1/_7247, before/bidirectional_rnn/fw/basic_lstm_cell/bias/_7249, before/bidirectional_rnn/fw/basic_lstm_cell/bias/Adam/_7251, before/bidirectional_rnn/fw/basic_lstm_cell/bias/Adam_1/_7253, before/bidirectional_rnn/fw/basic_lstm_cell/kernel/_7255, before/bidirectional_rnn/fw/basic_lstm_cell/kernel/Adam/_7257, before/bidirectional_rnn/fw/basic_lstm_cell/kernel/Adam_1/_7259, beta1_power/_7261, beta2_power/_7263)]]


During handling of the above exception, another exception occurred:

Traceback (most recent call last):
  File "model4-doucz.py", line 208, in <module>
    saver.save(sess, savePath + '/model')
  File "/net/people/plgfracz/quality/venv/lib/python3.6/site-packages/tensorflow/python/training/saver.py", line 1594, in save
    raise exc
ValueError: Parent directory of ./trained/model4-doucz/code-fracz-645/50000-256/model doesn't exist, can't save.
